2025-05-22 10:26:47 [error]: Payment record not found for reference: order_1_1747898675994
2025-05-22 11:24:03 [error]: Payment record not found for reference: order_1_1747902194026
2025-05-22 11:40:55 [error]: Payment record not found for reference: order_1_1747903238004
2025-05-22 11:59:06 [error]: Payment record not found for reference: order_1_1747904332133
2025-05-22 12:07:35 [error]: TypeError: Cannot read properties of undefined (reading 'reference')
    at initializePayment (/home/moses/E-commerce/services/main_service/dist/modules/payments/controllers/PaystackPayments.js:137:44)
    at process.processTicksAndRejections (node:internal/process/task_queues:95:5)
    at async /home/moses/E-commerce/services/main_service/dist/modules/payments/routes/paymentPaystackRoutes.js:13:9
2025-05-22 12:07:37 [error]: Amount mismatch for payment order_2_1747904838728
2025-05-22 12:07:37 [error]: Suspicious payment detected: order_2_1747904838728
2025-05-22 12:59:56 [error]: SequelizeValidationError: notNull Violation: Payment.userId cannot be null
    at InstanceValidator._validate (/home/moses/E-commerce/node_modules/sequelize/lib/instance-validator.js:50:13)
    at process.processTicksAndRejections (node:internal/process/task_queues:95:5)
    at async InstanceValidator._validateAndRunHooks (/home/moses/E-commerce/node_modules/sequelize/lib/instance-validator.js:60:7)
    at async InstanceValidator.validate (/home/moses/E-commerce/node_modules/sequelize/lib/instance-validator.js:54:12)
    at async Payment.save (/home/moses/E-commerce/node_modules/sequelize/lib/model.js:2426:7)
    at async Payment.create (/home/moses/E-commerce/node_modules/sequelize/lib/model.js:1362:12)
    at async initializePayment (/home/moses/E-commerce/services/main_service/dist/modules/payments/controllers/PaystackPayments.js:85:29)
    at async /home/moses/E-commerce/services/main_service/dist/modules/payments/routes/paymentPaystackRoutes.js:13:9
2025-05-22 13:02:38 [error]: TypeError: Cannot read properties of undefined (reading 'reference')
    at initializePayment (/home/moses/E-commerce/services/main_service/dist/modules/payments/controllers/PaystackPayments.js:135:44)
    at process.processTicksAndRejections (node:internal/process/task_queues:95:5)
    at async /home/moses/E-commerce/services/main_service/dist/modules/payments/routes/paymentPaystackRoutes.js:13:9
2025-05-22 13:30:48 [error]: TypeError: Cannot read properties of undefined (reading 'reference')
    at initializePayment (/home/moses/E-commerce/services/main_service/dist/modules/payments/controllers/PaystackPayments.js:135:44)
    at process.processTicksAndRejections (node:internal/process/task_queues:95:5)
    at async /home/moses/E-commerce/services/main_service/dist/modules/payments/routes/paymentPaystackRoutes.js:13:9
2025-05-22 13:32:11 [error]: TypeError: Cannot read properties of undefined (reading 'reference')
    at initializePayment (/home/moses/E-commerce/services/main_service/dist/modules/payments/controllers/PaystackPayments.js:135:44)
    at process.processTicksAndRejections (node:internal/process/task_queues:95:5)
    at async /home/moses/E-commerce/services/main_service/dist/modules/payments/routes/paymentPaystackRoutes.js:13:9
2025-05-22 13:57:43 [error]: Payment record not found for reference: order_2_1747911431876
2025-05-22 14:17:13 [error]: Payment record not found for reference: order_1_1747912522941
2025-05-22 14:58:05 [error]: Payment record not found for reference: order_new_1747914924625
2025-05-22 15:06:20 [error]: Payment record not found for reference: order_new_1747915563787
2025-05-22 15:06:48 [error]: Payment record not found for reference: order_new_1747915583174
2025-05-22 15:07:52 [error]: Payment record not found for reference: order_1_1747915628481
2025-05-22 15:27:58 [error]: Payment record not found for reference: order_1_1747916829966
2025-05-22 18:12:16 [error]: Payment record not found for reference: order_1_1747926719763
